This is pdfTeX, Version 3.14159265-2.6-1.40.20 (TeX Live 2019) (preloaded format=pdflatex 2019.5.8)  7 OCT 2019 10:51
entering extended mode
 restricted \write18 enabled.
 %&-line parsing enabled.
**lab3.tex
(./lab3.tex
LaTeX2e <2018-12-01>

! LaTeX Error: Missing \begin{document}.

See the LaTeX manual or LaTeX Companion for explanation.
Type  H <return>  for immediate help.
 ...                                              
                                                  
l.1 \begin{enumerate}
                     
You're in trouble here.  Try typing  <return>  to proceed.
If that doesn't work, type  X <return>  to quit.


Overfull \hbox (20.0pt too wide) in paragraph at lines 1--1
[] 
 []

Missing character: There is no D in font nullfont!
Missing character: There is no e in font nullfont!
Missing character: There is no m in font nullfont!
Missing character: There is no o in font nullfont!
Missing character: There is no s in font nullfont!
Missing character: There is no t in font nullfont!
Missing character: There is no r in font nullfont!
Missing character: There is no a in font nullfont!
Missing character: There is no r in font nullfont!
Missing character: There is no q in font nullfont!
Missing character: There is no u in font nullfont!
Missing character: There is no e in font nullfont!
LaTeX Font Info:    External font `cmex10' loaded for size
(Font)              <7> on input line 2.
LaTeX Font Info:    External font `cmex10' loaded for size
(Font)              <5> on input line 2.

Overfull \hbox (47.02747pt too wide) in paragraph at lines 2--3
\OML/cmm/m/it/10 min[]\OMS/cmsy/m/n/10 fjj\OML/cmm/m/it/10 x \OMS/cmsy/m/n/10 ^
^@
 []


Overfull \hbox (16.31708pt too wide) in paragraph at lines 2--3
\OML/cmm/m/it/10 v\OMS/cmsy/m/n/10 jj \OT1/cmr/m/n/10 :
 []


Overfull \hbox (26.71172pt too wide) in paragraph at lines 2--3
\OML/cmm/m/it/10 w[]v \OT1/cmr/m/n/10 +
 []


Overfull \hbox (14.84717pt too wide) in paragraph at lines 2--3
\OML/cmm/m/it/10 b \OT1/cmr/m/n/10 =
 []


Overfull \hbox (20.55554pt too wide) in paragraph at lines 2--3
\OT1/cmr/m/n/10 0\OMS/cmsy/m/n/10 g \OT1/cmr/m/n/10 =
 []


Overfull \hbox (29.99876pt too wide) in paragraph at lines 2--3
\OMS/cmsy/m/n/10 j\OML/cmm/m/it/10 w[]x \OT1/cmr/m/n/10 +
 []


Overfull \hbox (7.06944pt too wide) in paragraph at lines 2--3
\OML/cmm/m/it/10 b\OMS/cmsy/m/n/10 j$ 
 []

Missing character: There is no D in font nullfont!
Missing character: There is no e in font nullfont!
Missing character: There is no m in font nullfont!
Missing character: There is no o in font nullfont!
Missing character: There is no s in font nullfont!
Missing character: There is no t in font nullfont!
Missing character: There is no r in font nullfont!
Missing character: There is no a in font nullfont!
Missing character: There is no r in font nullfont!
Missing character: There is no q in font nullfont!
Missing character: There is no u in font nullfont!
Missing character: There is no e in font nullfont!
Missing character: There is no e in font nullfont!
Missing character: There is no l in font nullfont!
Missing character: There is no m in font nullfont!
Missing character: There is no o in font nullfont!
Missing character: There is no d in font nullfont!
Missing character: There is no e in font nullfont!
Missing character: There is no l in font nullfont!
Missing character: There is no o in font nullfont!
Missing character: There is no d in font nullfont!
Missing character: There is no e in font nullfont!
)
Runaway argument?
{máquinas de soporte vectorial: $$ x $$ se puede reescribir como $$ \ETC.
! File ended while scanning use of \emph .
<inserted text> 
                \par 
<*> lab3.tex
            
I suspect you have forgotten a `}', causing me
to read past where you wanted me to stop.
I'll try to recover; but if the error is serious,
you'd better type `E' or `X' now and fix your file.

! Emergency stop.
<*> lab3.tex
            
*** (job aborted, no legal \end found)

 
Here is how much of TeX's memory you used:
 12 strings out of 492616
 184 string characters out of 6129482
 57197 words of memory out of 5000000
 4031 multiletter control sequences out of 15000+600000
 3986 words of font info for 15 fonts, out of 8000000 for 9000
 1141 hyphenation exceptions out of 8191
 18i,2n,12p,111b,118s stack positions out of 5000i,500n,10000p,200000b,80000s
!  ==> Fatal error occurred, no output PDF file produced!
